\BOOKMARK [0][-]{section*.2}{Abstract}{}% 1
\BOOKMARK [0][-]{section*.3}{Acknowledgements}{}% 2
\BOOKMARK [0][-]{chapter*.5}{Table of Contents}{}% 3
\BOOKMARK [0][-]{chapter*.7}{List of Tables}{}% 4
\BOOKMARK [0][-]{chapter*.9}{List of Figures}{}% 5
\BOOKMARK [0][-]{chapter*.11}{List of Symbols}{}% 6
\BOOKMARK [0][-]{chapter.1}{Introduction}{}% 7
\BOOKMARK [1][-]{section.1.1}{Programmatic support for logging}{chapter.1}% 8
\BOOKMARK [1][-]{section.1.2}{Broad thesis overview}{chapter.1}% 9
\BOOKMARK [1][-]{section.1.3}{Thesis statement}{chapter.1}% 10
\BOOKMARK [1][-]{section.1.4}{Thesis organization}{chapter.1}% 11
\BOOKMARK [0][-]{chapter.2}{Motivational Scenario}{}% 12
\BOOKMARK [1][-]{section.2.1}{Summary}{chapter.2}% 13
\BOOKMARK [0][-]{chapter.3}{Background}{}% 14
\BOOKMARK [1][-]{section.3.1}{Concrete syntax trees and abstract syntax trees}{chapter.3}% 15
\BOOKMARK [1][-]{section.3.2}{Eclipse JDT}{chapter.3}% 16
\BOOKMARK [1][-]{section.3.3}{First-order anti-unification}{chapter.3}% 17
\BOOKMARK [2][-]{subsection.3.3.1}{Higher-order anti-unification}{section.3.3}% 18
\BOOKMARK [1][-]{section.3.4}{Higher-order anti-unification modulo equational theories}{chapter.3}% 19
\BOOKMARK [1][-]{section.3.5}{The Jigsaw Tool}{chapter.3}% 20
\BOOKMARK [1][-]{section.3.6}{Summary}{chapter.3}% 21
\BOOKMARK [0][-]{chapter.4}{Characterization Study}{}% 22
\BOOKMARK [1][-]{section.4.1}{Experiment}{chapter.4}% 23
\BOOKMARK [2][-]{subsection.4.1.1}{Results}{section.4.1}% 24
\BOOKMARK [2][-]{subsection.4.1.2}{Analysis}{section.4.1}% 25
\BOOKMARK [1][-]{section.4.2}{Evaluation}{chapter.4}% 26
\BOOKMARK [1][-]{section.4.3}{Summary}{chapter.4}% 27
\BOOKMARK [0][-]{chapter.5}{Discussion}{}% 28
\BOOKMARK [1][-]{section.5.1}{Threats to validity}{chapter.5}% 29
\BOOKMARK [1][-]{section.5.2}{The pitfalls of my tool}{chapter.5}% 30
\BOOKMARK [2][-]{subsection.5.2.1}{Inaccurate node ordering}{section.5.2}% 31
\BOOKMARK [2][-]{subsection.5.2.2}{Conflict resolution}{section.5.2}% 32
\BOOKMARK [1][-]{section.5.3}{Applications of anti-unification}{chapter.5}% 33
\BOOKMARK [1][-]{section.5.4}{Summary}{chapter.5}% 34
\BOOKMARK [0][-]{chapter.6}{Related Work}{}% 35
\BOOKMARK [1][-]{section.6.1}{Usage of logging}{chapter.6}% 36
\BOOKMARK [1][-]{section.6.2}{Correspondence}{chapter.6}% 37
\BOOKMARK [1][-]{section.6.3}{API usages patterns}{chapter.6}% 38
\BOOKMARK [1][-]{section.6.4}{Anti-unification}{chapter.6}% 39
\BOOKMARK [1][-]{section.6.5}{Clustering}{chapter.6}% 40
\BOOKMARK [1][-]{section.6.6}{Summary}{chapter.6}% 41
\BOOKMARK [0][-]{chapter.7}{Conclusion}{}% 42
\BOOKMARK [1][-]{section.7.1}{Future Work}{chapter.7}% 43
